[2026-03-13 21:23:09] Iniciando envio - 222 contatos disponíveis
[2026-03-13 21:23:09] Limite: 30 por dia | Intervalo: 60 segundos
[2026-03-13 21:23:09] --------------------------------------------------
[2026-03-13 21:23:10] [1/30] Aberta conversa: Sálvia Esmalteria | São Caetano do Sul - Manicure e Pedicure , alongamento de unhas, cílios e sobrancelhas. (011976008170)
[2026-03-13 21:23:10] Aguardando 60 segundos...
[2026-03-13 21:24:10] [2/30] Aberta conversa: Thifani Duarte Nail Studio| Alongamentos e Cursos (011945667373)
[2026-03-13 21:24:10] Aguardando 60 segundos...
[2026-03-13 21:25:10] [3/30] Aberta conversa: Camila Gisele Nails Designer (011954301254)
[2026-03-13 21:25:10] Aguardando 60 segundos...
[2026-03-13 21:26:10] [4/30] Aberta conversa: Bruuh Nail Design (011951933735)
[2026-03-13 21:26:10] Aguardando 60 segundos...
[2026-03-13 21:27:10] [5/30] Aberta conversa: Tamara Silva Nail Designer (011933289449)
[2026-03-13 21:27:10] Aguardando 60 segundos...
[2026-03-13 21:28:10] [6/30] Aberta conversa: Daya Ferreira Nails Designer (011917895581)
[2026-03-13 21:28:10] Aguardando 60 segundos...
[2026-03-13 21:29:10] [7/30] Aberta conversa: Studio Stephanie Nail (011947454080)
[2026-03-13 21:29:10] Aguardando 60 segundos...
[2026-03-13 21:30:10] [8/30] Aberta conversa: Studio Alicia Silva | Nail Designer (011948810380)
[2026-03-13 21:30:10] Aguardando 60 segundos...
[2026-03-13 21:31:10] [9/30] Aberta conversa: Studio Rosana Arty (011951222793)
[2026-03-13 21:31:10] Aguardando 60 segundos...
[2026-03-13 21:32:10] [10/30] Aberta conversa: Beauty Studio Thais Gonçalves - Especialista em Unhas e Cílios (011989018703)
[2026-03-13 21:32:10] Aguardando 60 segundos...
[2026-03-13 21:33:10] [11/30] Aberta conversa: Fifteen Santo André - Unhas, Cílios e Sobrancelhas (01149908888)
[2026-03-13 21:33:10] Aguardando 60 segundos...
[2026-03-13 21:34:10] [12/30] Aberta conversa: Studio Aline Goveia - Alongamento de Unhas (011987217068)
[2026-03-13 21:34:10] Aguardando 60 segundos...
[2026-03-13 21:35:10] [13/30] Aberta conversa: Turquesa Esmalteria e Beleza - Shopping ABC (011953230101)
[2026-03-13 21:35:10] Aguardando 60 segundos...
[2026-03-13 21:36:10] [14/30] Aberta conversa: Studio Seventies (011966616746)
[2026-03-13 21:36:10] Aguardando 60 segundos...
[2026-03-13 21:37:10] [15/30] Aberta conversa: Studio Love (10000000149)
[2026-03-13 21:37:10] Aguardando 60 segundos...
[2026-03-13 21:38:10] [16/30] Aberta conversa: Adriana Missio , alongamento de unha , progressiva (011979727331)
[2026-03-13 21:38:10] Aguardando 60 segundos...
[2026-03-13 21:39:10] [17/30] Aberta conversa: Eliza Siempre unhas e Alongamentos 24Hs (011979746636)
[2026-03-13 21:39:10] Aguardando 60 segundos...
[2026-03-13 21:40:10] [18/30] Aberta conversa: Studio Dani Veloso (011948745955)
[2026-03-13 21:40:10] Aguardando 60 segundos...
[2026-03-13 21:41:10] [19/30] Aberta conversa: Espaço Nara - Esmalteria especializada em alongamento Unha (011945556814)
[2026-03-13 21:41:10] Aguardando 60 segundos...
[2026-03-13 21:42:11] [20/30] Aberta conversa: Bruna Zangiacomo Nail Designer (011914800234)
[2026-03-13 21:42:11] Aguardando 60 segundos...
[2026-03-13 21:43:11] [21/30] Aberta conversa: Alongamento de unha/Aphodite Nail design - Zona Norte/São Paulo (011952552299)
[2026-03-13 21:43:11] Aguardando 60 segundos...
[2026-03-13 21:44:11] [22/30] Aberta conversa: Alongamento em gel | Unhas em gel | Banho de gel | Esmaltação em gel • Studio RD Beauty Nails (011989305189)
[2026-03-13 21:44:11] Aguardando 60 segundos...
[2026-03-13 21:45:11] [23/30] Aberta conversa: Leticia Gomes - Esmalteria & Nail Academy (011974772212)
[2026-03-13 21:45:11] Aguardando 60 segundos...
[2026-03-13 21:46:11] [24/30] Aberta conversa: Esmalteria Andressa Moreira - Unidade Shopping (011967000780)
[2026-03-13 21:46:11] Aguardando 60 segundos...
[2026-03-13 21:47:11] [25/30] Aberta conversa: Alongamento de unhas pé e mão Ateliê Anita Rosa (011983775619)
[2026-03-13 21:47:11] Aguardando 60 segundos...
[2026-03-13 21:48:11] [26/30] Aberta conversa: Esmalteria Geyse Ferreira (011985248596)
[2026-03-13 21:48:11] Aguardando 60 segundos...
[2026-03-13 21:49:11] [27/30] Aberta conversa: Espaço MiSousa Naildesigner (011978415481)
[2026-03-13 21:49:11] Aguardando 60 segundos...
[2026-03-13 21:50:11] [28/30] Aberta conversa: Nail Designer Madah Santana (011961543396)
[2026-03-13 21:50:11] Aguardando 60 segundos...
[2026-03-13 21:51:11] [29/30] Aberta conversa: Camila GataShow Nail Designer (011986017431)
[2026-03-13 21:51:11] Aguardando 60 segundos...
[2026-03-13 21:52:11] [30/30] Aberta conversa: Lays - Nails Design (011945955241)
[2026-03-13 21:52:11] Limite diário atingido (30 contatos)
[2026-03-13 21:52:11] --------------------------------------------------
[2026-03-13 21:52:11] ENVIO CONCLUÍDO: 30 conversas abertas hoje
[2026-03-13 21:52:11] Próximo envio: rode o script novamente amanhã
